This is pdfTeX, Version 3.1415926-2.5-1.40.14 (TeX Live 2013) (format=pdflatex 2013.5.30)  7 OCT 2014 14:26
entering extended mode
 restricted \write18 enabled.
 %&-line parsing enabled.
**STAT215ALab2.tex
(./STAT215ALab2.tex
LaTeX2e <2011/06/27>
Babel <3.9f> and hyphenation patterns for 78 languages loaded.

(/usr/local/texlive/2013/texmf-dist/tex/latex/base/article.cls
Document Class: article 2007/10/19 v1.4h Standard LaTeX document class
(/usr/local/texlive/2013/texmf-dist/tex/latex/base/size10.clo
File: size10.clo 2007/10/19 v1.4h Standard LaTeX file (size option)
)
\c@part=\count79
\c@section=\count80
\c@subsection=\count81
\c@subsubsection=\count82
\c@paragraph=\count83
\c@subparagraph=\count84
\c@figure=\count85
\c@table=\count86
\abovecaptionskip=\skip41
\belowcaptionskip=\skip42
\bibindent=\dimen102
) (/usr/local/texlive/2013/texmf-dist/tex/latex/graphics/graphicx.sty
Package: graphicx 1999/02/16 v1.0f Enhanced LaTeX Graphics (DPC,SPQR)
(/usr/local/texlive/2013/texmf-dist/tex/latex/graphics/keyval.sty
Package: keyval 1999/03/16 v1.13 key=value parser (DPC)
\KV@toks@=\toks14
) (/usr/local/texlive/2013/texmf-dist/tex/latex/graphics/graphics.sty
Package: graphics 2009/02/05 v1.0o Standard LaTeX Graphics (DPC,SPQR)
(/usr/local/texlive/2013/texmf-dist/tex/latex/graphics/trig.sty
Package: trig 1999/03/16 v1.09 sin cos tan (DPC)
) (/usr/local/texlive/2013/texmf-dist/tex/latex/latexconfig/graphics.cfg
File: graphics.cfg 2010/04/23 v1.9 graphics configuration of TeX Live
)
Package graphics Info: Driver file: pdftex.def on input line 91.
(/usr/local/texlive/2013/texmf-dist/tex/latex/pdftex-def/pdftex.def
File: pdftex.def 2011/05/27 v0.06d Graphics/color for pdfTeX
(/usr/local/texlive/2013/texmf-dist/tex/generic/oberdiek/infwarerr.sty
Package: infwarerr 2010/04/08 v1.3 Providing info/warning/error messages (HO)
) (/usr/local/texlive/2013/texmf-dist/tex/generic/oberdiek/ltxcmds.sty
Package: ltxcmds 2011/11/09 v1.22 LaTeX kernel commands for general use (HO)
)
\Gread@gobject=\count87
))
\Gin@req@height=\dimen103
\Gin@req@width=\dimen104
) (/usr/local/texlive/2013/texmf-dist/tex/latex/graphics/color.sty
Package: color 2005/11/14 v1.0j Standard LaTeX Color (DPC)
(/usr/local/texlive/2013/texmf-dist/tex/latex/latexconfig/color.cfg
File: color.cfg 2007/01/18 v1.5 color configuration of teTeX/TeXLive
)
Package color Info: Driver file: pdftex.def on input line 130.
) (/usr/local/texlive/2013/texmf-dist/tex/latex/upquote/upquote.sty
Package: upquote 2012/04/19 v1.3 upright-quote and grave-accent glyphs in verba
tim
) (/usr/local/texlive/2013/texmf-dist/tex/latex/framed/framed.sty
Package: framed 2011/10/22 v 0.96: framed or shaded text with page breaks
\OuterFrameSep=\skip43
\fb@frw=\dimen105
\fb@frh=\dimen106
\FrameRule=\dimen107
\FrameSep=\dimen108
) (/usr/local/texlive/2013/texmf-dist/tex/latex/base/alltt.sty
Package: alltt 1997/06/16 v2.0g defines alltt environment
) (/usr/local/texlive/2013/texmf-dist/tex/latex/base/fontenc.sty
Package: fontenc 2005/09/27 v1.99g Standard LaTeX package
(/usr/local/texlive/2013/texmf-dist/tex/latex/base/t1enc.def
File: t1enc.def 2005/09/27 v1.99g Standard LaTeX file
LaTeX Font Info:    Redeclaring font encoding T1 on input line 43.
)) (/usr/local/texlive/2013/texmf-dist/tex/latex/base/inputenc.sty
Package: inputenc 2008/03/30 v1.1d Input encoding file
\inpenc@prehook=\toks15
\inpenc@posthook=\toks16
(/usr/local/texlive/2013/texmf-dist/tex/latex/base/latin9.def
File: latin9.def 2008/03/30 v1.1d Input encoding file
)) (/usr/local/texlive/2013/texmf-dist/tex/latex/geometry/geometry.sty
Package: geometry 2010/09/12 v5.6 Page Geometry
(/usr/local/texlive/2013/texmf-dist/tex/generic/oberdiek/ifpdf.sty
Package: ifpdf 2011/01/30 v2.3 Provides the ifpdf switch (HO)
Package ifpdf Info: pdfTeX in PDF mode is detected.
) (/usr/local/texlive/2013/texmf-dist/tex/generic/oberdiek/ifvtex.sty
Package: ifvtex 2010/03/01 v1.5 Detect VTeX and its facilities (HO)
Package ifvtex Info: VTeX not detected.
) (/usr/local/texlive/2013/texmf-dist/tex/generic/ifxetex/ifxetex.sty
Package: ifxetex 2010/09/12 v0.6 Provides ifxetex conditional
)
\Gm@cnth=\count88
\Gm@cntv=\count89
\c@Gm@tempcnt=\count90
\Gm@bindingoffset=\dimen109
\Gm@wd@mp=\dimen110
\Gm@odd@mp=\dimen111
\Gm@even@mp=\dimen112
\Gm@layoutwidth=\dimen113
\Gm@layoutheight=\dimen114
\Gm@layouthoffset=\dimen115
\Gm@layoutvoffset=\dimen116
\Gm@dimlist=\toks17
) (/usr/local/texlive/2013/texmf-dist/tex/latex/fancyhdr/fancyhdr.sty
\fancy@headwidth=\skip44
\f@ncyO@elh=\skip45
\f@ncyO@erh=\skip46
\f@ncyO@olh=\skip47
\f@ncyO@orh=\skip48
\f@ncyO@elf=\skip49
\f@ncyO@erf=\skip50
\f@ncyO@olf=\skip51
\f@ncyO@orf=\skip52
) (/usr/local/texlive/2013/texmf-dist/tex/latex/amscls/amsthm.sty
Package: amsthm 2004/08/06 v2.20
\thm@style=\toks18
\thm@bodyfont=\toks19
\thm@headfont=\toks20
\thm@notefont=\toks21
\thm@headpunct=\toks22
\thm@preskip=\skip53
\thm@postskip=\skip54
\thm@headsep=\skip55
\dth@everypar=\toks23
) (/usr/local/texlive/2013/texmf-dist/tex/latex/amsmath/amsmath.sty
Package: amsmath 2013/01/14 v2.14 AMS math features
\@mathmargin=\skip56
For additional information on amsmath, use the `?' option.
(/usr/local/texlive/2013/texmf-dist/tex/latex/amsmath/amstext.sty
Package: amstext 2000/06/29 v2.01
(/usr/local/texlive/2013/texmf-dist/tex/latex/amsmath/amsgen.sty
File: amsgen.sty 1999/11/30 v2.0
\@emptytoks=\toks24
\ex@=\dimen117
)) (/usr/local/texlive/2013/texmf-dist/tex/latex/amsmath/amsbsy.sty
Package: amsbsy 1999/11/29 v1.2d
\pmbraise@=\dimen118
) (/usr/local/texlive/2013/texmf-dist/tex/latex/amsmath/amsopn.sty
Package: amsopn 1999/12/14 v2.01 operator names
)
\inf@bad=\count91
LaTeX Info: Redefining \frac on input line 210.
\uproot@=\count92
\leftroot@=\count93
LaTeX Info: Redefining \overline on input line 306.
\classnum@=\count94
\DOTSCASE@=\count95
LaTeX Info: Redefining \ldots on input line 378.
LaTeX Info: Redefining \dots on input line 381.
LaTeX Info: Redefining \cdots on input line 466.
\Mathstrutbox@=\box26
\strutbox@=\box27
\big@size=\dimen119
LaTeX Font Info:    Redeclaring font encoding OML on input line 566.
LaTeX Font Info:    Redeclaring font encoding OMS on input line 567.
\macc@depth=\count96
\c@MaxMatrixCols=\count97
\dotsspace@=\muskip10
\c@parentequation=\count98
\dspbrk@lvl=\count99
\tag@help=\toks25
\row@=\count100
\column@=\count101
\maxfields@=\count102
\andhelp@=\toks26
\eqnshift@=\dimen120
\alignsep@=\dimen121
\tagshift@=\dimen122
\tagwidth@=\dimen123
\totwidth@=\dimen124
\lineht@=\dimen125
\@envbody=\toks27
\multlinegap=\skip57
\multlinetaggap=\skip58
\mathdisplay@stack=\toks28
LaTeX Info: Redefining \[ on input line 2665.
LaTeX Info: Redefining \] on input line 2666.
) (/usr/local/texlive/2013/texmf-dist/tex/generic/babel/babel.sty
Package: babel 2013/05/16 v3.9f The Babel package
(/usr/local/texlive/2013/texmf-dist/tex/generic/babel-english/english.ldf
Language: english 2012/08/20 v3.3p English support from the babel system
(/usr/local/texlive/2013/texmf-dist/tex/generic/babel/babel.def
File: babel.def 2013/05/16 v3.9f Babel common definitions
\babel@savecnt=\count103
\U@D=\dimen126
)
\l@canadian = a dialect from \language\l@american 
\l@australian = a dialect from \language\l@british 
\l@newzealand = a dialect from \language\l@british 
)) (./STAT215ALab2.aux)
\openout1 = `STAT215ALab2.aux'.

LaTeX Font Info:    Checking defaults for OML/cmm/m/it on input line 88.
LaTeX Font Info:    ... okay on input line 88.
LaTeX Font Info:    Checking defaults for T1/cmr/m/n on input line 88.
LaTeX Font Info:    ... okay on input line 88.
LaTeX Font Info:    Checking defaults for OT1/cmr/m/n on input line 88.
LaTeX Font Info:    ... okay on input line 88.
LaTeX Font Info:    Checking defaults for OMS/cmsy/m/n on input line 88.
LaTeX Font Info:    ... okay on input line 88.
LaTeX Font Info:    Checking defaults for OMX/cmex/m/n on input line 88.
LaTeX Font Info:    ... okay on input line 88.
LaTeX Font Info:    Checking defaults for U/cmr/m/n on input line 88.
LaTeX Font Info:    ... okay on input line 88.
(/usr/local/texlive/2013/texmf-dist/tex/context/base/supp-pdf.mkii
[Loading MPS to PDF converter (version 2006.09.02).]
\scratchcounter=\count104
\scratchdimen=\dimen127
\scratchbox=\box28
\nofMPsegments=\count105
\nofMParguments=\count106
\everyMPshowfont=\toks29
\MPscratchCnt=\count107
\MPscratchDim=\dimen128
\MPnumerator=\count108
\makeMPintoPDFobject=\count109
\everyMPtoPDFconversion=\toks30
) (/usr/local/texlive/2013/texmf-dist/tex/generic/oberdiek/pdftexcmds.sty
Package: pdftexcmds 2011/11/29 v0.20 Utility functions of pdfTeX for LuaTeX (HO
)
(/usr/local/texlive/2013/texmf-dist/tex/generic/oberdiek/ifluatex.sty
Package: ifluatex 2010/03/01 v1.3 Provides the ifluatex switch (HO)
Package ifluatex Info: LuaTeX not detected.
)
Package pdftexcmds Info: LuaTeX not detected.
Package pdftexcmds Info: \pdf@primitive is available.
Package pdftexcmds Info: \pdf@ifprimitive is available.
Package pdftexcmds Info: \pdfdraftmode found.
) (/usr/local/texlive/2013/texmf-dist/tex/latex/oberdiek/epstopdf-base.sty
Package: epstopdf-base 2010/02/09 v2.5 Base part for package epstopdf
(/usr/local/texlive/2013/texmf-dist/tex/latex/oberdiek/grfext.sty
Package: grfext 2010/08/19 v1.1 Manage graphics extensions (HO)
(/usr/local/texlive/2013/texmf-dist/tex/generic/oberdiek/kvdefinekeys.sty
Package: kvdefinekeys 2011/04/07 v1.3 Define keys (HO)
)) (/usr/local/texlive/2013/texmf-dist/tex/latex/oberdiek/kvoptions.sty
Package: kvoptions 2011/06/30 v3.11 Key value format for package options (HO)
(/usr/local/texlive/2013/texmf-dist/tex/generic/oberdiek/kvsetkeys.sty
Package: kvsetkeys 2012/04/25 v1.16 Key value parser (HO)
(/usr/local/texlive/2013/texmf-dist/tex/generic/oberdiek/etexcmds.sty
Package: etexcmds 2011/02/16 v1.5 Avoid name clashes with e-TeX commands (HO)
Package etexcmds Info: Could not find \expanded.
(etexcmds)             That can mean that you are not using pdfTeX 1.50 or
(etexcmds)             that some package has redefined \expanded.
(etexcmds)             In the latter case, load this package earlier.
)))
Package grfext Info: Graphics extension search list:
(grfext)             [.png,.pdf,.jpg,.mps,.jpeg,.jbig2,.jb2,.PNG,.PDF,.JPG,.JPE
G,.JBIG2,.JB2,.eps]
(grfext)             \AppendGraphicsExtensions on input line 452.
(/usr/local/texlive/2013/texmf-dist/tex/latex/latexconfig/epstopdf-sys.cfg
File: epstopdf-sys.cfg 2010/07/13 v1.3 Configuration of (r)epstopdf for TeX Liv
e
))
*geometry* driver: auto-detecting
*geometry* detected driver: pdftex

Package geometry Warning: The marginal notes overrun the paper.
     Add 3.73001pt and more to the right margin.

*geometry* verbose mode - [ preamble ] result:
* driver: pdftex
* paper: <default>
* layout: <same size as paper>
* layoutoffset:(h,v)=(0.0pt,0.0pt)
* modes: 
* h-part:(L,W,R)=(72.26999pt, 469.75502pt, 72.26999pt)
* v-part:(T,H,B)=(72.26999pt, 650.43001pt, 72.26999pt)
* \paperwidth=614.295pt
* \paperheight=794.96999pt
* \textwidth=469.75502pt
* \textheight=650.43001pt
* \oddsidemargin=0.0pt
* \evensidemargin=0.0pt
* \topmargin=-37.0pt
* \headheight=12.0pt
* \headsep=25.0pt
* \topskip=10.0pt
* \footskip=30.0pt
* \marginparwidth=65.0pt
* \marginparsep=11.0pt
* \columnsep=10.0pt
* \skip\footins=9.0pt plus 4.0pt minus 2.0pt
* \hoffset=0.0pt
* \voffset=0.0pt
* \mag=1000
* \@twocolumnfalse
* \@twosidefalse
* \@mparswitchfalse
* \@reversemarginfalse
* (1in=72.27pt=25.4mm, 1cm=28.453pt)

<Temperature_Density_Biweight_Kernel.png, id=1, 481.8pt x 481.8pt>
File: Temperature_Density_Biweight_Kernel.png Graphic file (type png)
<use Temperature_Density_Biweight_Kernel.png>
Package pdftex.def Info: Temperature_Density_Biweight_Kernel.png used on input 
line 113.
(pdftex.def)             Requested size: 192.71658pt x 192.71658pt.
<Temperature_Density_Epanechnikov_Kernel.png, id=3, 481.8pt x 481.8pt>
File: Temperature_Density_Epanechnikov_Kernel.png Graphic file (type png)
<use Temperature_Density_Epanechnikov_Kernel.png>
Package pdftex.def Info: Temperature_Density_Epanechnikov_Kernel.png used on in
put line 114.
(pdftex.def)             Requested size: 192.71658pt x 192.71658pt.
<Temperature_Density_Guassian_Kernel.png, id=4, 481.8pt x 481.8pt>
File: Temperature_Density_Guassian_Kernel.png Graphic file (type png)
<use Temperature_Density_Guassian_Kernel.png>
Package pdftex.def Info: Temperature_Density_Guassian_Kernel.png used on input 
line 118.
(pdftex.def)             Requested size: 192.71658pt x 192.71658pt.
<Temperature_Density_Rectangular_Kernel.png, id=5, 481.8pt x 481.8pt>
File: Temperature_Density_Rectangular_Kernel.png Graphic file (type png)
<use Temperature_Density_Rectangular_Kernel.png>
Package pdftex.def Info: Temperature_Density_Rectangular_Kernel.png used on inp
ut line 119.
(pdftex.def)             Requested size: 192.71658pt x 192.71658pt.
<Humidity_Temperature_Loess_0.png, id=6, 481.8pt x 481.8pt>
File: Humidity_Temperature_Loess_0.png Graphic file (type png)
<use Humidity_Temperature_Loess_0.png>
Package pdftex.def Info: Humidity_Temperature_Loess_0.png used on input line 13
0.
(pdftex.def)             Requested size: 192.71658pt x 192.71658pt.
<Humidity_Temperature_Loess_1.png, id=7, 481.8pt x 481.8pt>
File: Humidity_Temperature_Loess_1.png Graphic file (type png)
<use Humidity_Temperature_Loess_1.png>
Package pdftex.def Info: Humidity_Temperature_Loess_1.png used on input line 13
1.
(pdftex.def)             Requested size: 192.71658pt x 192.71658pt.
<Humidity_Temperature_Loess_2.png, id=8, 481.8pt x 481.8pt>
File: Humidity_Temperature_Loess_2.png Graphic file (type png)
<use Humidity_Temperature_Loess_2.png>
Package pdftex.def Info: Humidity_Temperature_Loess_2.png used on input line 13
5.
(pdftex.def)             Requested size: 192.71658pt x 192.71658pt.
[1

{/usr/local/texlive/2013/texmf-var/fonts/map/pdftex/updmap/pdftex.map}] [2 <./T
emperature_Density_Biweight_Kernel.png> <./Temperature_Density_Epanechnikov_Ker
nel.png> <./Temperature_Density_Guassian_Kernel.png> <./Temperature_Density_Rec
tangular_Kernel.png>] [3 <./Humidity_Temperature_Loess_0.png> <./Humidity_Tempe
rature_Loess_1.png> <./Humidity_Temperature_Loess_2.png>] [4] <Rplot1.png, id=3
5, 739.76375pt x 477.785pt>
File: Rplot1.png Graphic file (type png)
<use Rplot1.png>
Package pdftex.def Info: Rplot1.png used on input line 173.
(pdftex.def)             Requested size: 369.88097pt x 238.8919pt.
<Rplot2.png, id=36, 739.76375pt x 477.785pt>
File: Rplot2.png Graphic file (type png)
<use Rplot2.png>
Package pdftex.def Info: Rplot2.png used on input line 180.
(pdftex.def)             Requested size: 369.88097pt x 238.8919pt.
<Rplot3.png, id=37, 739.76375pt x 477.785pt>
File: Rplot3.png Graphic file (type png)
<use Rplot3.png>
Package pdftex.def Info: Rplot3.png used on input line 187.
(pdftex.def)             Requested size: 369.88097pt x 238.8919pt.
<cumulativevariance.png, id=38, 715.67375pt x 477.785pt>
File: cumulativevariance.png Graphic file (type png)
<use cumulativevariance.png>
Package pdftex.def Info: cumulativevariance.png used on input line 199.
(pdftex.def)             Requested size: 214.70378pt x 143.3366pt.
<PCA12bw.png, id=39, 715.67375pt x 477.785pt>
File: PCA12bw.png Graphic file (type png)
<use PCA12bw.png>
Package pdftex.def Info: PCA12bw.png used on input line 208.
(pdftex.def)             Requested size: 214.70378pt x 143.3366pt.
<PCA12c.png, id=40, 715.67375pt x 477.785pt>
File: PCA12c.png Graphic file (type png)
<use PCA12c.png>
Package pdftex.def Info: PCA12c.png used on input line 209.
(pdftex.def)             Requested size: 214.70378pt x 143.3366pt.
[5 <./Rplot1.png>] [6 <./Rplot2.png> <./Rplot3.png>] <PCA13bw.png, id=50, 715.6
7375pt x 477.785pt>
File: PCA13bw.png Graphic file (type png)
<use PCA13bw.png>
Package pdftex.def Info: PCA13bw.png used on input line 216.
(pdftex.def)             Requested size: 214.70378pt x 143.3366pt.
<PCA13c.png, id=51, 715.67375pt x 477.785pt>
File: PCA13c.png Graphic file (type png)
<use PCA13c.png>
Package pdftex.def Info: PCA13c.png used on input line 217.
(pdftex.def)             Requested size: 214.70378pt x 143.3366pt.
<PCA23bw.png, id=52, 715.67375pt x 477.785pt>
File: PCA23bw.png Graphic file (type png)
<use PCA23bw.png>
Package pdftex.def Info: PCA23bw.png used on input line 224.
(pdftex.def)             Requested size: 214.70378pt x 143.3366pt.
<PCA23c.png, id=53, 715.67375pt x 477.785pt>
File: PCA23c.png Graphic file (type png)
<use PCA23c.png>
Package pdftex.def Info: PCA23c.png used on input line 225.
(pdftex.def)             Requested size: 214.70378pt x 143.3366pt.
<PCA3DScatter.png, id=54, 581.17125pt x 505.89pt>
File: PCA3DScatter.png Graphic file (type png)
<use PCA3DScatter.png>
Package pdftex.def Info: PCA3DScatter.png used on input line 232.
(pdftex.def)             Requested size: 174.35272pt x 151.76816pt.
<clusters.png, id=55, 715.67375pt x 477.785pt>
File: clusters.png Graphic file (type png)
<use clusters.png>
Package pdftex.def Info: clusters.png used on input line 241.
(pdftex.def)             Requested size: 357.836pt x 238.8919pt.
[7 <./cumulativevariance.png> <./PCA12bw.png> <./PCA12c.png>] [8 <./PCA13bw.png
> <./PCA13c.png> <./PCA23bw.png> <./PCA23c.png> <./PCA3DScatter.png>]
Underfull \hbox (badness 10000) in paragraph at lines 263--263
[]\T1/cmr/m/n/10 Highway al-most ev-ery-where.
 []


Underfull \hbox (badness 2142) in paragraph at lines 266--266
[]\T1/cmr/m/n/10 Large amount of mix-ing but
 []


Underfull \hbox (badness 1102) in paragraph at lines 266--266
\T1/cmr/m/n/10 there is some sep-a-ra-tion that
 []


Underfull \hbox (badness 1715) in paragraph at lines 266--266
\T1/cmr/m/n/10 helps dis-tin-guish the mid-west
 []


Underfull \hbox (badness 4713) in paragraph at lines 266--266
[]\T1/cmr/m/n/10 Blurs south with
 []


Underfull \hbox (badness 3601) in paragraph at lines 267--267
[]\T1/cmr/m/n/10 Drinking foun-tain near great
 []


Underfull \hbox (badness 5696) in paragraph at lines 268--268
[]\T1/cmr/m/n/10 Yes, but doesn't
 []


Underfull \hbox (badness 10000) in paragraph at lines 268--268
\T1/cmr/m/n/10 per-fectly match
 []


Underfull \hbox (badness 2245) in paragraph at lines 269--269
[]\T1/cmr/m/n/10 Higher pres-ence of rolling in
 []


Underfull \hbox (badness 2582) in paragraph at lines 269--269
\T1/cmr/m/n/10 south and toi-let pa-per-ing in
 []

<pcamap4clusters.png, id=70, 715.67375pt x 477.785pt>
File: pcamap4clusters.png Graphic file (type png)
<use pcamap4clusters.png>
Package pdftex.def Info: pcamap4clusters.png used on input line 277.
(pdftex.def)             Requested size: 357.836pt x 238.8919pt.
LaTeX Font Info:    Try loading font information for T1+cmtt on input line 282.

(/usr/local/texlive/2013/texmf-dist/tex/latex/base/t1cmtt.fd
File: t1cmtt.fd 1999/05/25 v2.5h Standard LaTeX font definitions
) [9 <./clusters.png>] [10] <pcasubsample.png, id=79, 715.67375pt x 477.785pt>
File: pcasubsample.png Graphic file (type png)
<use pcasubsample.png>
Package pdftex.def Info: pcasubsample.png used on input line 296.
(pdftex.def)             Requested size: 286.26442pt x 191.11061pt.
<pca3questions.png, id=80, 715.67375pt x 477.785pt>
File: pca3questions.png Graphic file (type png)
<use pca3questions.png>
Package pdftex.def Info: pca3questions.png used on input line 297.
(pdftex.def)             Requested size: 286.26442pt x 191.11061pt.

Overfull \hbox (104.9955pt too wide) in paragraph at lines 296--298
[][] [] 
 []

<EMclusters.png, id=81, 621.32124pt x 437.635pt>
File: EMclusters.png Graphic file (type png)
<use EMclusters.png>
Package pdftex.def Info: EMclusters.png used on input line 308.
(pdftex.def)             Requested size: 310.65987pt x 218.81696pt.
[11 <./pcamap4clusters.png>] [12 <./pcasubsample.png> <./pca3questions.png> <./
EMclusters.png>] (./STAT215ALab2.aux) ) 
Here is how much of TeX's memory you used:
 3660 strings out of 493315
 50159 string characters out of 6137904
 129956 words of memory out of 5000000
 7018 multiletter control sequences out of 15000+600000
 12431 words of font info for 35 fonts, out of 8000000 for 9000
 957 hyphenation exceptions out of 8191
 38i,10n,43p,1396b,280s stack positions out of 5000i,500n,10000p,200000b,80000s
{/usr/local/texlive/2013/texmf-dist/font
s/enc/dvips/cm-super/cm-super-t1.enc}</usr/local/texlive/2013/texmf-dist/fonts/
type1/public/cm-super/sfbx1200.pfb></usr/local/texlive/2013/texmf-dist/fonts/ty
pe1/public/cm-super/sfbx1440.pfb></usr/local/texlive/2013/texmf-dist/fonts/type
1/public/cm-super/sfrm1000.pfb></usr/local/texlive/2013/texmf-dist/fonts/type1/
public/cm-super/sfrm1200.pfb></usr/local/texlive/2013/texmf-dist/fonts/type1/pu
blic/cm-super/sfrm1728.pfb></usr/local/texlive/2013/texmf-dist/fonts/type1/publ
ic/cm-super/sftt1000.pfb>
Output written on STAT215ALab2.pdf (12 pages, 3059519 bytes).
PDF statistics:
 114 PDF objects out of 1000 (max. 8388607)
 48 compressed objects within 1 object stream
 0 named destinations out of 1000 (max. 500000)
 116 words of extra memory for PDF output out of 10000 (max. 10000000)

